-3.96 0.0 
-3.88 0.0 
-3.8 0.0 
-3.72 0.0 
-3.64 0.0 
-3.56 0.0 
-3.48 0.0 
-3.4 0.0 
-3.32 0.0 
-3.24 0.0 
-3.16 0.0 
-3.08 0.0 
-3.0 0.0 
-2.92 0.0 
-2.84 1.5e-06 
-2.76 5e-07 
-2.68 1.05e-05 
-2.6 9e-06 
-2.52 1.95e-05 
-2.44 3.85e-05 
-2.36 3.85e-05 
-2.28 6.15e-05 
-2.2 9.3e-05 
-2.12 0.000155 
-2.04 0.0002385 
-1.96 0.000361 
-1.88 0.000582 
-1.8 0.000815 
-1.72 0.001201 
-1.64 0.0016215 
-1.56 0.002196 
-1.48 0.0030005 
-1.4 0.003826 
-1.32 0.0050375 
-1.24 0.0063925 
-1.16 0.007912 
-1.08 0.0101135 
-1.0 0.0117995 
-0.92 0.0142625 
-0.84 0.017136 
-0.76 0.020226 
-0.68 0.023278 
-0.6 0.0262665 
-0.52 0.0298945 
-0.44 0.033306 
-0.36 0.0365545 
-0.28 0.039051 
-0.2 0.041935 
-0.12 0.0437415 
-0.04 0.04542 
0.04 0.046051 
0.12 0.046477 
0.2 0.045579 
0.28 0.044945 
0.36 0.0438235 
0.44 0.041054 
0.52 0.038855 
0.6 0.035972 
0.68 0.03292 
0.76 0.02975 
0.84 0.027194 
0.92 0.0238795 
1.0 0.0207345 
1.08 0.0185215 
1.16 0.0153925 
1.24 0.013217 
1.32 0.01058 
1.4 0.008279 
1.48 0.0072245 
1.56 0.0054555 
1.64 0.0043415 
1.72 0.003215 
1.8 0.0024885 
1.88 0.0018095 
1.96 0.0013125 
2.04 0.0010695 
2.12 0.000772 
2.2 0.000563 
2.28 0.0004425 
2.36 0.0003605 
2.44 0.000304 
2.52 0.0002625 
2.6 0.000153 
2.68 0.0001335 
2.76 0.000135 
2.84 5.15e-05 
2.92 4.9e-05 
3.0 2.2e-05 
3.08 7.5e-06 
3.16 5.5e-06 
3.24 0.0 
3.32 1e-06 
3.4 1e-06 
3.48 0.0 
3.56 0.0 
3.64 0.0 
3.72 0.0 
3.8 0.0 
3.88 0.0 
3.96 0.0 
